Build started 11/20/2014 8:29:04 PM.
     1>Project "C:\Users\Adrian\Documents\Visual Studio 2013\Projects\Project5_Light and Shade\Project5_Light and Shade\Project5_Light and Shade.vcxproj" on node 2 (Build target(s)).
     1>ClCompile:
         C:\Program Files (x86)\Microsoft Visual Studio 12.0\VC\bin\CL.exe /c /ZI /nologo /W3 /WX- /sdl /Od /Oy- /D WIN32 /D _DEBUG /D _CONSOLE /D _LIB /D _UNICODE /D UNICODE /Gm /EHsc /RTC1 /MDd /GS /fp:precise /Zc:wchar_t /Zc:forScope /Fo"Debug\\" /Fd"Debug\vc120.pdb" /Gd /TP /analyze- /errorReport:prompt window.cpp
         window.cpp
     1>c:\users\adrian\documents\visual studio 2013\projects\project5_light and shade\project5_light and shade\window.cpp(145): warning C4018: '<' : signed/unsigned mismatch
     1>c:\users\adrian\documents\visual studio 2013\projects\project5_light and shade\project5_light and shade\window.cpp(215): warning C4018: '<' : signed/unsigned mismatch
     1>c:\users\adrian\documents\visual studio 2013\projects\project5_light and shade\project5_light and shade\window.cpp(290): warning C4018: '<' : signed/unsigned mismatch
     1>c:\users\adrian\documents\visual studio 2013\projects\project5_light and shade\project5_light and shade\window.cpp(581): warning C4018: '<' : signed/unsigned mismatch
     1>c:\users\adrian\documents\visual studio 2013\projects\project5_light and shade\project5_light and shade\window.cpp(605): warning C4018: '<' : signed/unsigned mismatch
     1>c:\users\adrian\documents\visual studio 2013\projects\project5_light and shade\project5_light and shade\window.cpp(629): warning C4018: '<' : signed/unsigned mismatch
     1>c:\users\adrian\documents\visual studio 2013\projects\project5_light and shade\project5_light and shade\window.cpp(665): warning C4018: '<' : signed/unsigned mismatch
     1>c:\users\adrian\documents\visual studio 2013\projects\project5_light and shade\project5_light and shade\window.cpp(688): warning C4018: '<' : signed/unsigned mismatch
     1>c:\users\adrian\documents\visual studio 2013\projects\project5_light and shade\project5_light and shade\window.cpp(710): warning C4018: '<' : signed/unsigned mismatch
       Link:
         C:\Program Files (x86)\Microsoft Visual Studio 12.0\VC\bin\link.exe /ERRORREPORT:PROMPT /OUT:"C:\Users\Adrian\Documents\Visual Studio 2013\Projects\Project5_Light and Shade\Debug\Project5_Light and Shade.exe" /INCREMENTAL /NOLOGO kernel32.lib user32.lib gdi32.lib winspool.lib comdlg32.lib advapi32.lib shell32.lib ole32.lib oleaut32.lib uuid.lib odbc32.lib odbccp32.lib /MANIFEST /MANIFESTUAC:"level='asInvoker' uiAccess='false'" /manifest:embed /DEBUG /PDB:"C:\Users\Adrian\Documents\Visual Studio 2013\Projects\Project5_Light and Shade\Debug\Project5_Light and Shade.pdb" /SUBSYSTEM:CONSOLE /TLBID:1 /DYNAMICBASE /NXCOMPAT /IMPLIB:"C:\Users\Adrian\Documents\Visual Studio 2013\Projects\Project5_Light and Shade\Debug\Project5_Light and Shade.lib" /MACHINE:X86 Debug\Camera.obj
         Debug\Cube.obj
         Debug\Geode.obj
         Debug\Group.obj
         Debug\main.obj
         Debug\Matrix4.obj
         Debug\MatrixTransform.obj
         Debug\Node.obj
         Debug\PointCloud.obj
         Debug\Robot.obj
         Debug\Sphere.obj
         Debug\Vector3.obj
         Debug\Vector4.obj
         Debug\window.obj
         Project5_Light and Shade.vcxproj -> C:\Users\Adrian\Documents\Visual Studio 2013\Projects\Project5_Light and Shade\Debug\Project5_Light and Shade.exe
     1>Done Building Project "C:\Users\Adrian\Documents\Visual Studio 2013\Projects\Project5_Light and Shade\Project5_Light and Shade\Project5_Light and Shade.vcxproj" (Build target(s)).

Build succeeded.

Time Elapsed 00:00:03.36
