c:\users\adrian\documents\visual studio 2013\projects\project5_light and shade\project5_light and shade\debug\vc120.pdb
c:\users\adrian\documents\visual studio 2013\projects\project5_light and shade\project5_light and shade\debug\vc120.idb
c:\users\adrian\documents\visual studio 2013\projects\project5_light and shade\project5_light and shade\debug\camera.obj
c:\users\adrian\documents\visual studio 2013\projects\project5_light and shade\project5_light and shade\debug\matrix4.obj
c:\users\adrian\documents\visual studio 2013\projects\project5_light and shade\project5_light and shade\debug\vector3.obj
c:\users\adrian\documents\visual studio 2013\projects\project5_light and shade\project5_light and shade\debug\vector4.obj
c:\users\adrian\documents\visual studio 2013\projects\project5_light and shade\project5_light and shade\debug\cube.obj
c:\users\adrian\documents\visual studio 2013\projects\project5_light and shade\project5_light and shade\debug\geode.obj
c:\users\adrian\documents\visual studio 2013\projects\project5_light and shade\project5_light and shade\debug\group.obj
c:\users\adrian\documents\visual studio 2013\projects\project5_light and shade\project5_light and shade\debug\main.obj
c:\users\adrian\documents\visual studio 2013\projects\project5_light and shade\project5_light and shade\debug\matrixtransform.obj
c:\users\adrian\documents\visual studio 2013\projects\project5_light and shade\project5_light and shade\debug\node.obj
c:\users\adrian\documents\visual studio 2013\projects\project5_light and shade\project5_light and shade\debug\pointcloud.obj
c:\users\adrian\documents\visual studio 2013\projects\project5_light and shade\project5_light and shade\debug\robot.obj
c:\users\adrian\documents\visual studio 2013\projects\project5_light and shade\project5_light and shade\debug\sphere.obj
c:\users\adrian\documents\visual studio 2013\projects\project5_light and shade\project5_light and shade\debug\window.obj
c:\users\adrian\documents\visual studio 2013\projects\project5_light and shade\debug\project5_light and shade.pdb
c:\users\adrian\documents\visual studio 2013\projects\project5_light and shade\project5_light and shade\debug\project5.d86217a8.tlog\cl.command.1.tlog
c:\users\adrian\documents\visual studio 2013\projects\project5_light and shade\project5_light and shade\debug\project5.d86217a8.tlog\cl.read.1.tlog
c:\users\adrian\documents\visual studio 2013\projects\project5_light and shade\project5_light and shade\debug\project5.d86217a8.tlog\cl.write.1.tlog
c:\users\adrian\documents\visual studio 2013\projects\project5_light and shade\project5_light and shade\debug\project5.d86217a8.tlog\link-cvtres.read.1.tlog
c:\users\adrian\documents\visual studio 2013\projects\project5_light and shade\project5_light and shade\debug\project5.d86217a8.tlog\link-cvtres.write.1.tlog
c:\users\adrian\documents\visual studio 2013\projects\project5_light and shade\project5_light and shade\debug\project5.d86217a8.tlog\link-rc.read.1.tlog
c:\users\adrian\documents\visual studio 2013\projects\project5_light and shade\project5_light and shade\debug\project5.d86217a8.tlog\link-rc.write.1.tlog
c:\users\adrian\documents\visual studio 2013\projects\project5_light and shade\project5_light and shade\debug\project5.d86217a8.tlog\link.command.1.tlog
c:\users\adrian\documents\visual studio 2013\projects\project5_light and shade\project5_light and shade\debug\project5.d86217a8.tlog\link.read.1.tlog
c:\users\adrian\documents\visual studio 2013\projects\project5_light and shade\project5_light and shade\debug\project5.d86217a8.tlog\link.write.1.tlog
