Build started 11/21/2014 3:53:07 PM.
     1>Project "C:\Users\Adrian\Documents\Visual Studio 2013\Projects\Project5_Light and Shade\Project5_Light and Shade\Project5_Light and Shade.vcxproj" on node 2 (Build target(s)).
     1>ClCompile:
         C:\Program Files (x86)\Microsoft Visual Studio 12.0\VC\bin\CL.exe /c /Zi /nologo /W3 /WX- /sdl /O2 /Oi /Oy- /GL /D WIN32 /D NDEBUG /D _CONSOLE /D _LIB /D _UNICODE /D UNICODE /Gm- /EHsc /MD /GS /Gy /fp:precise /Zc:wchar_t /Zc:forScope /Fo"Release\\" /Fd"Release\vc120.pdb" /Gd /TP /analyze- /errorReport:prompt main.cpp
         main.cpp
       Link:
         C:\Program Files (x86)\Microsoft Visual Studio 12.0\VC\bin\link.exe /ERRORREPORT:PROMPT /OUT:"C:\Users\Adrian\Documents\Visual Studio 2013\Projects\Project5_Light and Shade\Release\Project5_Light and Shade.exe" /INCREMENTAL:NO /NOLOGO kernel32.lib user32.lib gdi32.lib winspool.lib comdlg32.lib advapi32.lib shell32.lib ole32.lib oleaut32.lib uuid.lib odbc32.lib odbccp32.lib /MANIFEST /MANIFESTUAC:"level='asInvoker' uiAccess='false'" /manifest:embed /DEBUG /PDB:"C:\Users\Adrian\Documents\Visual Studio 2013\Projects\Project5_Light and Shade\Release\Project5_Light and Shade.pdb" /SUBSYSTEM:CONSOLE /OPT:REF /OPT:ICF /LTCG /TLBID:1 /DYNAMICBASE /NXCOMPAT /IMPLIB:"C:\Users\Adrian\Documents\Visual Studio 2013\Projects\Project5_Light and Shade\Release\Project5_Light and Shade.lib" /MACHINE:X86 /SAFESEH Release\Camera.obj
         Release\Cube.obj
         Release\Geode.obj
         Release\Group.obj
         Release\Light.obj
         Release\main.obj
         Release\Material.obj
         Release\Matrix4.obj
         Release\MatrixTransform.obj
         Release\Node.obj
         Release\PointCloud.obj
         Release\Robot.obj
         Release\Sphere.obj
         Release\Vector3.obj
         Release\Vector4.obj
         Release\window.obj
         Generating code
         Finished generating code
         Project5_Light and Shade.vcxproj -> C:\Users\Adrian\Documents\Visual Studio 2013\Projects\Project5_Light and Shade\Release\Project5_Light and Shade.exe
     1>Done Building Project "C:\Users\Adrian\Documents\Visual Studio 2013\Projects\Project5_Light and Shade\Project5_Light and Shade\Project5_Light and Shade.vcxproj" (Build target(s)).

Build succeeded.

Time Elapsed 00:00:06.94
